 Period:  1963:1-2021:12
 Number of lags =  0
 Number of assets = 35
 OLS CSR

                                                CROSS-SECTIONAL R^2
 ______________________________________________________________________________________________
 Model                     FF3    FF3Star     
 ______________________________________________________________________________________________
 Sample R2                0.496    0.461
 p(R2=1,H1)               0.001    0.001
 Tests of R2=0:
 p(R2=0,H0)               0.080    0.096
 se(R2)                   0.203    0.196   
 Number of Par.               3        3

 GLS CSR

                                                CROSS-SECTIONAL R^2
 ______________________________________________________________________________________________
 Model                     FF3    FF3Star     
 ______________________________________________________________________________________________
 Sample R2                0.132    0.101
 p(R2=1,H1)               0.000    0.000
 Tests of R2=0:
 p(R2=0,H0)               0.004    0.019
 se(R2)                   0.065    0.058   
 Number of Par.               3        3
